<?xml version="1.0" encoding="UTF-8"?>
<!-- Generated by org.testng.reporters.JUnitReportReporter -->
<testsuite skipped="0" hostname="LAPTOP-20464U94" name="testcases.TC002Payee" tests="1" failures="0" timestamp="18 Jun 2020 17:03:24 GMT" time="1.960" errors="0">
  <testcase name="AddPayee" time="1.960" classname="testcases.TC002Payee"/>
</testsuite> <!-- testcases.TC002Payee -->
