<?xml version="1.0" encoding="UTF-8"?>
<!-- Generated by org.testng.reporters.JUnitReportReporter -->
<testsuite skipped="0" hostname="LAPTOP-20464U94" name="testcases.TC002AddNewPayee" tests="1" failures="0" timestamp="19 Jun 2020 01:48:06 GMT" time="2.507" errors="0">
  <testcase name="AddPayee" time="2.507" classname="testcases.TC002AddNewPayee"/>
</testsuite> <!-- testcases.TC002AddNewPayee -->
