<?xml version="1.0" encoding="UTF-8"?>
<!-- Generated by org.testng.reporters.JUnitReportReporter -->
<testsuite skipped="0" hostname="LAPTOP-20464U94" name="testcases.TC003PayBillSprint" tests="1" failures="0" timestamp="19 Jun 2020 01:48:06 GMT" time="1.454" errors="0">
  <testcase name="payBillSprint" time="1.454" classname="testcases.TC003PayBillSprint"/>
</testsuite> <!-- testcases.TC003PayBillSprint -->
